
SQL*Loader: Release 21.0.0.0.0 - Production on Sun May 18 20:08:20 2025
Version 21.3.0.0.0

Copyright (c) 1982, 2021, Oracle and/or its affiliates.  All rights reserved.

Control File:   Autor.ctl
Data File:      Autor.csv
  Bad File:     Autor.bad
  Discard File:  none specified
 
 (Allow all discards)

Number to load: ALL
Number to skip: 0
Errors allowed: 50
Bind array:     250 rows, maximum of 1048576 bytes
Continuation:    none specified
Path used:      Conventional

Table AUTOR, loaded from every logical record.
Insert option in effect for this table: INSERT
TRAILING NULLCOLS option in effect

   Column Name                  Position   Len  Term Encl Datatype
------------------------------ ---------- ----- ---- ---- ---------------------
AUTOR_ID                            FIRST     *   ,  O(") CHARACTER            
IMIE                                 NEXT     *   ,  O(") CHARACTER            
NAZWISKO                             NEXT     *   ,  O(") CHARACTER            

Record 1: Rejected - Error on table AUTOR, column AUTOR_ID.
ORA-01722: invalid number


Table AUTOR:
  5 Rows successfully loaded.
  1 Row not loaded due to data errors.
  0 Rows not loaded because all WHEN clauses were failed.
  0 Rows not loaded because all fields were null.


Space allocated for bind array:                 193500 bytes(250 rows)
Read   buffer bytes: 1048576

Total logical records skipped:          0
Total logical records read:             6
Total logical records rejected:         1
Total logical records discarded:        0

Run began on Sun May 18 20:08:20 2025
Run ended on Sun May 18 20:08:21 2025

Elapsed time was:     00:00:01.16
CPU time was:         00:00:00.09
